<?xml version="1.0" encoding="UTF-8"?>
<testsuite xmlns:xsi="http://www.w3.org/2001/XMLSchema-instance" xsi:noNamespaceSchemaLocation="https://maven.apache.org/surefire/maven-surefire-plugin/xsd/surefire-test-report.xsd" name="org.example.mappers.ProductMapperTest" time="0.032" tests="4" errors="0" skipped="0" failures="0">
  <properties>
[...]
</properties>
  <testcase name="givenProductEntityToProductDto_whenMaps_thenCorrect" classname="org.example.mappers.ProductMapperTest" time="0.016"/>
  <testcase name="givenProductEntityListToProductDtoList_whenMaps_thenCorrect" classname="org.example.mappers.ProductMapperTest" time="0.003"/>
  <testcase name="givenProductDtoToProductEntity_whenMaps_thenCorrect" classname="org.example.mappers.ProductMapperTest" time="0.001"/>
  <testcase name="givenProductDtoListToProductEntityList_whenMaps_thenCorrect" classname="org.example.mappers.ProductMapperTest" time="0.001"/>
</testsuite>